<?xml version="1.0" encoding="UTF-8"?>
<testExecutions version="1">
  <file path="C:\Facultate\sem2\GC\test-clone\MyDocCloudFE\src\app\chat-bot\chat-bot.component.spec.ts">
  </file>
</testExecutions>